
======================================================================
运行时间: 2026-06-02 13:57:38
结果: 成功
获取源数: 0
M3U条目数: 0

======================================================================
运行时间: 2026-06-02 14:02:00
结果: 成功
获取源数: 0
M3U条目数: 0

======================================================================
运行时间: 2026-06-02 14:11:05
结果: 成功
获取源数: 0
M3U条目数: 0

======================================================================
运行时间: 2026-06-02 14:20:48
结果: 成功
获取源数: 19

======================================================================
运行时间: 2026-06-02 14:25:34
结果: 成功
获取源数: 19

======================================================================
运行时间: 2026-06-02 14:29:44
结果: 成功
获取频道数: 0
